<?xml version="1.0" encoding="UTF-8"?>
<!-- Generated by org.testng.reporters.JUnitReportReporter -->
<testsuite hostname="BDC11-L-72000R8" failures="0" tests="1" name="demo.demoTest" time="7.121" errors="0" timestamp="15 Jan 2018 09:38:01 GMT" skipped="0">
  <testcase classname="demo.demoTest" name="openBrowser" time="7.121"/>
</testsuite> <!-- demo.demoTest -->
