<?xml version="1.0" encoding="UTF-8"?>
<!-- Generated by org.testng.reporters.JUnitReportReporter -->
<testsuite skipped="0" hostname="BDC11-L-72000R8" name="demo.demoTest" tests="1" failures="0" timestamp="15 Jan 2018 06:22:38 GMT" time="7.787" errors="0">
  <testcase name="openBrowser" time="7.787" classname="demo.demoTest"/>
</testsuite> <!-- demo.demoTest -->
